#
# There is insufficient memory for the Java Runtime Environment to continue.
# Native memory allocation (malloc) failed to allocate 394096 bytes. Error detail: Chunk::new
# Possible reasons:
#   The system is out of physical RAM or swap space
#   This process is running with CompressedOops enabled, and the Java Heap may be blocking the growth of the native heap
# Possible solutions:
#   Reduce memory load on the system
#   Increase physical memory or swap space
#   Check if swap backing store is full
#   Decrease Java heap size (-Xmx/-Xms)
#   Decrease number of Java threads
#   Decrease Java thread stack sizes (-Xss)
#   Set larger code cache with -XX:ReservedCodeCacheSize=
#   JVM is running with Unscaled Compressed Oops mode in which the Java heap is
#     placed in the first 4GB address space. The Java Heap base address is the
#     maximum limit for the native heap growth. Please use -XX:HeapBaseMinAddress
#     to set the Java Heap base and to place the Java Heap above 4GB virtual address.
# This output file may be truncated or incomplete.
#
#  Out of Memory Error (arena.cpp:168), pid=1148, tid=9772
#
# JRE version: OpenJDK Runtime Environment (21.0.6) (build 21.0.6+-13368085-b895.109)
# Java VM: OpenJDK 64-Bit Server VM (21.0.6+-13368085-b895.109, mixed mode, tiered, compressed oops, compressed class ptrs, g1 gc, windows-amd64)
# No core dump will be written. Minidumps are not enabled by default on client versions of Windows
#

---------------  S U M M A R Y ------------

Command Line: --add-opens=java.base/java.lang=ALL-UNNAMED --add-opens=java.base/java.lang.invoke=ALL-UNNAMED --add-opens=java.base/java.util=ALL-UNNAMED --add-opens=java.prefs/java.util.prefs=ALL-UNNAMED --add-exports=jdk.compiler/com.sun.tools.javac.api=ALL-UNNAMED --add-exports=jdk.compiler/com.sun.tools.javac.util=ALL-UNNAMED --add-opens=java.base/java.util=ALL-UNNAMED --add-opens=java.prefs/java.util.prefs=ALL-UNNAMED --add-opens=java.base/java.nio.charset=ALL-UNNAMED --add-opens=java.base/java.net=ALL-UNNAMED --add-opens=java.base/java.util.concurrent.atomic=ALL-UNNAMED --add-opens=java.xml/javax.xml.namespace=ALL-UNNAMED -Xmx2048m -Dfile.encoding=UTF-8 -Duser.country=ID -Duser.language=en -Duser.variant -javaagent:C:\Users\Nuhi\.gradle\wrapper\dists\gradle-8.11.1-bin\bpt9gzteqjrbo1mjrsomdt32c\gradle-8.11.1\lib\agents\gradle-instrumentation-agent-8.11.1.jar org.gradle.launcher.daemon.bootstrap.GradleDaemon 8.11.1

Host: AMD Ryzen 5 3550H with Radeon Vega Mobile Gfx  , 8 cores, 13G,  Windows 11 , 64 bit Build 26100 (10.0.26100.3912)
Time: Tue May 27 15:12:25 2025 SE Asia Standard Time elapsed time: 16.240697 seconds (0d 0h 0m 16s)

---------------  T H R E A D  ---------------

Current thread (0x00000236c7644830):  JavaThread "C2 CompilerThread0" daemon [_thread_in_native, id=9772, stack(0x0000004dadf00000,0x0000004dae000000) (1024K)]


Current CompileTask:
C2:16240 4085   !   4       java.lang.String::<init> (890 bytes)

Stack: [0x0000004dadf00000,0x0000004dae000000]
Native frames: (J=compiled Java code, j=interpreted, Vv=VM code, C=native code)
V  [jvm.dll+0x6d0639]
V  [jvm.dll+0x85eb03]
V  [jvm.dll+0x86105e]
V  [jvm.dll+0x861743]
V  [jvm.dll+0x27e6e6]
V  [jvm.dll+0xbff6d]
V  [jvm.dll+0xc04a3]
V  [jvm.dll+0x3b6171]
V  [jvm.dll+0x3820c7]
V  [jvm.dll+0x38153a]
V  [jvm.dll+0x247c82]
V  [jvm.dll+0x247251]
V  [jvm.dll+0x1c5f04]
V  [jvm.dll+0x2569ac]
V  [jvm.dll+0x254ef6]
V  [jvm.dll+0x3f0e96]
V  [jvm.dll+0x806ed8]
V  [jvm.dll+0x6cef0d]
C  [ucrtbase.dll+0x37b0]
C  [KERNEL32.DLL+0x2e8d7]
C  [ntdll.dll+0x9c5dc]


---------------  P R O C E S S  ---------------

Threads class SMR info:
_java_thread_list=0x00000236ceccc2b0, length=34, elements={
0x00000236ad8d8d40, 0x00000236c761d440, 0x00000236c7620b10, 0x00000236c7634ac0,
0x00000236c763d840, 0x00000236c763ee00, 0x00000236c76403c0, 0x00000236c7644830,
0x00000236c764d2d0, 0x00000236c77af080, 0x00000236c795d770, 0x00000236cd9fc490,
0x00000236cdb34900, 0x00000236cdb6bad0, 0x00000236cdab4c50, 0x00000236cdab7af0,
0x00000236cdd4f9b0, 0x00000236cdd50410, 0x00000236cdd649a0, 0x00000236cdca3350,
0x00000236cd872290, 0x00000236cd870ee0, 0x00000236cd86f4a0, 0x00000236cd86fb30,
0x00000236cd871c00, 0x00000236cd8701c0, 0x00000236cd870850, 0x00000236cd871570,
0x00000236cc1bc530, 0x00000236cc1bcbc0, 0x00000236cc1bbea0, 0x00000236cc1bd250,
0x00000236cfc1d350, 0x00000236cdd062d0
}

Java Threads: ( => current thread )
  0x00000236ad8d8d40 JavaThread "main"                              [_thread_blocked, id=15964, stack(0x0000004dad100000,0x0000004dad200000) (1024K)]
  0x00000236c761d440 JavaThread "Reference Handler"          daemon [_thread_blocked, id=8612, stack(0x0000004dad900000,0x0000004dada00000) (1024K)]
  0x00000236c7620b10 JavaThread "Finalizer"                  daemon [_thread_blocked, id=12336, stack(0x0000004dada00000,0x0000004dadb00000) (1024K)]
  0x00000236c7634ac0 JavaThread "Signal Dispatcher"          daemon [_thread_blocked, id=9732, stack(0x0000004dadb00000,0x0000004dadc00000) (1024K)]
  0x00000236c763d840 JavaThread "Attach Listener"            daemon [_thread_blocked, id=12304, stack(0x0000004dadc00000,0x0000004dadd00000) (1024K)]
  0x00000236c763ee00 JavaThread "Service Thread"             daemon [_thread_blocked, id=11612, stack(0x0000004dadd00000,0x0000004dade00000) (1024K)]
  0x00000236c76403c0 JavaThread "Monitor Deflation Thread"   daemon [_thread_blocked, id=11524, stack(0x0000004dade00000,0x0000004dadf00000) (1024K)]
=>0x00000236c7644830 JavaThread "C2 CompilerThread0"         daemon [_thread_in_native, id=9772, stack(0x0000004dadf00000,0x0000004dae000000) (1024K)]
  0x00000236c764d2d0 JavaThread "C1 CompilerThread0"         daemon [_thread_in_native, id=3164, stack(0x0000004dae000000,0x0000004dae100000) (1024K)]
  0x00000236c77af080 JavaThread "Common-Cleaner"             daemon [_thread_blocked, id=17260, stack(0x0000004dae100000,0x0000004dae200000) (1024K)]
  0x00000236c795d770 JavaThread "Notification Thread"        daemon [_thread_blocked, id=13380, stack(0x0000004dae200000,0x0000004dae300000) (1024K)]
  0x00000236cd9fc490 JavaThread "Daemon health stats"               [_thread_blocked, id=16740, stack(0x0000004dae900000,0x0000004daea00000) (1024K)]
  0x00000236cdb34900 JavaThread "Incoming local TCP Connector on port 51786"        [_thread_in_native, id=6220, stack(0x0000004daea00000,0x0000004daeb00000) (1024K)]
  0x00000236cdb6bad0 JavaThread "Daemon periodic checks"            [_thread_blocked, id=13444, stack(0x0000004daeb00000,0x0000004daec00000) (1024K)]
  0x00000236cdab4c50 JavaThread "Daemon"                            [_thread_blocked, id=8796, stack(0x0000004daec00000,0x0000004daed00000) (1024K)]
  0x00000236cdab7af0 JavaThread "Handler for socket connection from /127.0.0.1:51786 to /127.0.0.1:51787"        [_thread_in_native, id=13460, stack(0x0000004daed00000,0x0000004daee00000) (1024K)]
  0x00000236cdd4f9b0 JavaThread "Cancel handler"                    [_thread_blocked, id=7916, stack(0x0000004daee00000,0x0000004daef00000) (1024K)]
  0x00000236cdd50410 JavaThread "Daemon worker"                     [_thread_in_Java, id=8572, stack(0x0000004daef00000,0x0000004daf000000) (1024K)]
  0x00000236cdd649a0 JavaThread "Asynchronous log dispatcher for DefaultDaemonConnection: socket connection from /127.0.0.1:51786 to /127.0.0.1:51787"        [_thread_blocked, id=13076, stack(0x0000004daf000000,0x0000004daf100000) (1024K)]
  0x00000236cdca3350 JavaThread "Stdin handler"                     [_thread_blocked, id=2028, stack(0x0000004daf100000,0x0000004daf200000) (1024K)]
  0x00000236cd872290 JavaThread "Daemon client event forwarder"        [_thread_blocked, id=15204, stack(0x0000004daf200000,0x0000004daf300000) (1024K)]
  0x00000236cd870ee0 JavaThread "Cache worker for journal cache (C:\Users\Nuhi\.gradle\caches\journal-1)"        [_thread_blocked, id=9820, stack(0x0000004daf600000,0x0000004daf700000) (1024K)]
  0x00000236cd86f4a0 JavaThread "File lock request listener"        [_thread_in_native, id=15424, stack(0x0000004daf700000,0x0000004daf800000) (1024K)]
  0x00000236cd86fb30 JavaThread "Cache worker for file hash cache (C:\Users\Nuhi\.gradle\caches\8.11.1\fileHashes)"        [_thread_blocked, id=14728, stack(0x0000004daf800000,0x0000004daf900000) (1024K)]
  0x00000236cd871c00 JavaThread "Cache worker for file content cache (C:\Users\Nuhi\.gradle\caches\8.11.1\fileContent)"        [_thread_blocked, id=3820, stack(0x0000004dafa00000,0x0000004dafb00000) (1024K)]
  0x00000236cd8701c0 JavaThread "Cache worker for file hash cache (C:\Users\Nuhi\AndroidStudioProjects\projectPIfathan2\.gradle\8.11.1\fileHashes)"        [_thread_blocked, id=12332, stack(0x0000004dafb00000,0x0000004dafc00000) (1024K)]
  0x00000236cd870850 JavaThread "Cache worker for Build Output Cleanup Cache (C:\Users\Nuhi\AndroidStudioProjects\projectPIfathan2\.gradle\buildOutputCleanup)"        [_thread_blocked, id=1336, stack(0x0000004dafc00000,0x0000004dafd00000) (1024K)]
  0x00000236cd871570 JavaThread "File watcher server"        daemon [_thread_in_native, id=3620, stack(0x0000004dafd00000,0x0000004dafe00000) (1024K)]
  0x00000236cc1bc530 JavaThread "File watcher consumer"      daemon [_thread_blocked, id=12480, stack(0x0000004dafe00000,0x0000004daff00000) (1024K)]
  0x00000236cc1bcbc0 JavaThread "Cache worker for checksums cache (C:\Users\Nuhi\AndroidStudioProjects\projectPIfathan2\.gradle\8.11.1\checksums)"        [_thread_blocked, id=12776, stack(0x0000004daff00000,0x0000004db0000000) (1024K)]
  0x00000236cc1bbea0 JavaThread "Cache worker for cache directory md-rule (C:\Users\Nuhi\.gradle\caches\8.11.1\md-rule)"        [_thread_blocked, id=12608, stack(0x0000004db0000000,0x0000004db0100000) (1024K)]
  0x00000236cc1bd250 JavaThread "Cache worker for cache directory md-supplier (C:\Users\Nuhi\.gradle\caches\8.11.1\md-supplier)"        [_thread_blocked, id=4752, stack(0x0000004daf900000,0x0000004dafa00000) (1024K)]
  0x00000236cfc1d350 JavaThread "C2 CompilerThread1"         daemon [_thread_in_native, id=10716, stack(0x0000004dae400000,0x0000004dae500000) (1024K)]
  0x00000236cdd062d0 JavaThread "C2 CompilerThread2"         daemon [_thread_in_native, id=15392, stack(0x0000004db0100000,0x0000004db0200000) (1024K)]
Total: 34

Other Threads:
  0x00000236c75c4e10 VMThread "VM Thread"                           [id=16520, stack(0x0000004dad800000,0x0000004dad900000) (1024K)]
  0x00000236c7410940 WatcherThread "VM Periodic Task Thread"        [id=8396, stack(0x0000004dad700000,0x0000004dad800000) (1024K)]
  0x00000236ad99df70 WorkerThread "GC Thread#0"                     [id=3084, stack(0x0000004dad200000,0x0000004dad300000) (1024K)]
  0x00000236cc5a2e40 WorkerThread "GC Thread#1"                     [id=10116, stack(0x0000004dae500000,0x0000004dae600000) (1024K)]
  0x00000236cc6dcd10 WorkerThread "GC Thread#2"                     [id=4164, stack(0x0000004dae600000,0x0000004dae700000) (1024K)]
  0x00000236cc62ce40 WorkerThread "GC Thread#3"                     [id=3944, stack(0x0000004dae700000,0x0000004dae800000) (1024K)]
  0x00000236cc62d5e0 WorkerThread "GC Thread#4"                     [id=3584, stack(0x0000004dae800000,0x0000004dae900000) (1024K)]
  0x00000236cc7dbde0 WorkerThread "GC Thread#5"                     [id=15328, stack(0x0000004dae300000,0x0000004dae400000) (1024K)]
  0x00000236cc7dabc0 WorkerThread "GC Thread#6"                     [id=4036, stack(0x0000004daf300000,0x0000004daf400000) (1024K)]
  0x00000236cc7db300 WorkerThread "GC Thread#7"                     [id=7692, stack(0x0000004daf400000,0x0000004daf500000) (1024K)]
  0x00000236afd85800 ConcurrentGCThread "G1 Main Marker"            [id=3936, stack(0x0000004dad300000,0x0000004dad400000) (1024K)]
  0x00000236afd868b0 WorkerThread "G1 Conc#0"                       [id=17028, stack(0x0000004dad400000,0x0000004dad500000) (1024K)]
  0x00000236cc7db6a0 WorkerThread "G1 Conc#1"                       [id=16184, stack(0x0000004daf500000,0x0000004daf600000) (1024K)]
  0x00000236afddea90 ConcurrentGCThread "G1 Refine#0"               [id=13980, stack(0x0000004dad500000,0x0000004dad600000) (1024K)]
  0x00000236c72e26a0 ConcurrentGCThread "G1 Service"                [id=10280, stack(0x0000004dad600000,0x0000004dad700000) (1024K)]
Total: 15

Threads with active compile tasks:
C2 CompilerThread0  24342 4085   !   4       java.lang.String::<init> (890 bytes)
C2 CompilerThread1  24342 4188       4       jdk.internal.jrtfs.JrtPath::isAbsolute (29 bytes)
C2 CompilerThread2  24342 4191       4       java.util.regex.Pattern::compile (537 bytes)
Total: 3

VM state: not at safepoint (normal execution)

VM Mutex/Monitor currently owned by a thread: None

Heap address: 0x0000000080000000, size: 2048 MB, Compressed Oops mode: 32-bit

CDS archive(s) not mapped
Compressed class space mapped at: 0x0000000100000000-0x0000000140000000, reserved size: 1073741824
Narrow klass base: 0x0000000000000000, Narrow klass shift: 3, Narrow klass range: 0x140000000

GC Precious Log:
 CardTable entry size: 512
 Card Set container configuration: InlinePtr #cards 5 size 8 Array Of Cards #cards 12 size 40 Howl #buckets 4 coarsen threshold 1843 Howl Bitmap #cards 512 size 80 coarsen threshold 460 Card regions per heap region 1 cards per card region 2048
 CPUs: 8 total, 8 available
 Memory: 14211M
 Large Page Support: Disabled
 NUMA Support: Disabled
 Compressed Oops: Enabled (32-bit)
 Heap Region Size: 1M
 Heap Min Capacity: 8M
 Heap Initial Capacity: 224M
 Heap Max Capacity: 2G
 Pre-touch: Disabled
 Parallel Workers: 8
 Concurrent Workers: 2
 Concurrent Refinement Workers: 8
 Periodic GC: Disabled

Heap:
 garbage-first heap   total 88064K, used 61861K [0x0000000080000000, 0x0000000100000000)
  region size 1024K, 40 young (40960K), 6 survivors (6144K)
 Metaspace       used 45916K, committed 47104K, reserved 1114112K
  class space    used 6106K, committed 6656K, reserved 1048576K

Heap Regions: E=young(eden), S=young(survivor), O=old, HS=humongous(starts), HC=humongous(continues), CS=collection set, F=free, TAMS=top-at-mark-start, PB=parsable bottom
|   0|0x0000000080000000, 0x0000000080100000, 0x0000000080100000|100%| O|  |TAMS 0x0000000080000000| PB 0x0000000080000000| Untracked 
|   1|0x0000000080100000, 0x0000000080200000, 0x0000000080200000|100%|HS|  |TAMS 0x0000000080100000| PB 0x0000000080100000| Complete 
|   2|0x0000000080200000, 0x0000000080300000, 0x0000000080300000|100%|HC|  |TAMS 0x0000000080200000| PB 0x0000000080200000| Complete 
|   3|0x0000000080300000, 0x0000000080400000, 0x0000000080400000|100%|HC|  |TAMS 0x0000000080300000| PB 0x0000000080300000| Complete 
|   4|0x0000000080400000, 0x0000000080500000, 0x0000000080500000|100%| O|Cm|TAMS 0x0000000080400000| PB 0x0000000080400000| Complete 
|   5|0x0000000080500000, 0x0000000080600000, 0x0000000080600000|100%| O|  |TAMS 0x0000000080500000| PB 0x0000000080500000| Untracked 
|   6|0x0000000080600000, 0x0000000080700000, 0x0000000080700000|100%| O|  |TAMS 0x0000000080600000| PB 0x0000000080600000| Untracked 
|   7|0x0000000080700000, 0x0000000080800000, 0x0000000080800000|100%|HS|  |TAMS 0x0000000080700000| PB 0x0000000080700000| Complete 
|   8|0x0000000080800000, 0x0000000080900000, 0x0000000080900000|100%| O|  |TAMS 0x0000000080800000| PB 0x0000000080800000| Untracked 
|   9|0x0000000080900000, 0x0000000080a00000, 0x0000000080a00000|100%| O|  |TAMS 0x0000000080900000| PB 0x0000000080900000| Untracked 
|  10|0x0000000080a00000, 0x0000000080b00000, 0x0000000080b00000|100%| O|  |TAMS 0x0000000080a00000| PB 0x0000000080a00000| Untracked 
|  11|0x0000000080b00000, 0x0000000080c00000, 0x0000000080c00000|100%| O|  |TAMS 0x0000000080b00000| PB 0x0000000080b00000| Untracked 
|  12|0x0000000080c00000, 0x0000000080d00000, 0x0000000080d00000|100%| O|  |TAMS 0x0000000080c00000| PB 0x0000000080c00000| Untracked 
|  13|0x0000000080d00000, 0x0000000080e00000, 0x0000000080e00000|100%| O|  |TAMS 0x0000000080d00000| PB 0x0000000080d00000| Untracked 
|  14|0x0000000080e00000, 0x0000000080f00000, 0x0000000080f00000|100%| O|  |TAMS 0x0000000080e00000| PB 0x0000000080e00000| Untracked 
|  15|0x0000000080f00000, 0x0000000081000000, 0x0000000081000000|100%| O|  |TAMS 0x0000000080f00000| PB 0x0000000080f00000| Untracked 
|  16|0x0000000081000000, 0x0000000081100000, 0x0000000081100000|100%| O|  |TAMS 0x0000000081000000| PB 0x0000000081000000| Untracked 
|  17|0x0000000081100000, 0x0000000081200000, 0x0000000081200000|100%| O|  |TAMS 0x0000000081100000| PB 0x0000000081100000| Untracked 
|  18|0x0000000081200000, 0x0000000081300000, 0x0000000081300000|100%| O|  |TAMS 0x0000000081200000| PB 0x0000000081200000| Untracked 
|  19|0x0000000081300000, 0x0000000081400000, 0x0000000081400000|100%| O|  |TAMS 0x0000000081300000| PB 0x0000000081300000| Untracked 
|  20|0x0000000081400000, 0x0000000081500000, 0x0000000081500000|100%| O|  |TAMS 0x0000000081400000| PB 0x0000000081400000| Untracked 
|  21|0x0000000081500000, 0x0000000081600000, 0x0000000081600000|100%| O|  |TAMS 0x0000000081500000| PB 0x0000000081500000| Untracked 
|  22|0x0000000081600000, 0x0000000081700000, 0x0000000081700000|100%| O|  |TAMS 0x0000000081600000| PB 0x0000000081600000| Untracked 
|  23|0x0000000081700000, 0x0000000081700000, 0x0000000081800000|  0%| F|  |TAMS 0x0000000081700000| PB 0x0000000081700000| Untracked 
|  24|0x0000000081800000, 0x0000000081800000, 0x0000000081900000|  0%| F|  |TAMS 0x0000000081800000| PB 0x0000000081800000| Untracked 
|  25|0x0000000081900000, 0x0000000081900000, 0x0000000081a00000|  0%| F|  |TAMS 0x0000000081900000| PB 0x0000000081900000| Untracked 
|  26|0x0000000081a00000, 0x0000000081a00000, 0x0000000081b00000|  0%| F|  |TAMS 0x0000000081a00000| PB 0x0000000081a00000| Untracked 
|  27|0x0000000081b00000, 0x0000000081b00000, 0x0000000081c00000|  0%| F|  |TAMS 0x0000000081b00000| PB 0x0000000081b00000| Untracked 
|  28|0x0000000081c00000, 0x0000000081c00000, 0x0000000081d00000|  0%| F|  |TAMS 0x0000000081c00000| PB 0x0000000081c00000| Untracked 
|  29|0x0000000081d00000, 0x0000000081d00000, 0x0000000081e00000|  0%| F|  |TAMS 0x0000000081d00000| PB 0x0000000081d00000| Untracked 
|  30|0x0000000081e00000, 0x0000000081e00000, 0x0000000081f00000|  0%| F|  |TAMS 0x0000000081e00000| PB 0x0000000081e00000| Untracked 
|  31|0x0000000081f00000, 0x0000000081f00000, 0x0000000082000000|  0%| F|  |TAMS 0x0000000081f00000| PB 0x0000000081f00000| Untracked 
|  32|0x0000000082000000, 0x0000000082069740, 0x0000000082100000| 41%| S|CS|TAMS 0x0000000082000000| PB 0x0000000082000000| Complete 
|  33|0x0000000082100000, 0x0000000082200000, 0x0000000082200000|100%| S|CS|TAMS 0x0000000082100000| PB 0x0000000082100000| Complete 
|  34|0x0000000082200000, 0x0000000082300000, 0x0000000082300000|100%| S|CS|TAMS 0x0000000082200000| PB 0x0000000082200000| Complete 
|  35|0x0000000082300000, 0x0000000082400000, 0x0000000082400000|100%| S|CS|TAMS 0x0000000082300000| PB 0x0000000082300000| Complete 
|  36|0x0000000082400000, 0x0000000082500000, 0x0000000082500000|100%| S|CS|TAMS 0x0000000082400000| PB 0x0000000082400000| Complete 
|  37|0x0000000082500000, 0x0000000082600000, 0x0000000082600000|100%| S|CS|TAMS 0x0000000082500000| PB 0x0000000082500000| Complete 
|  38|0x0000000082600000, 0x0000000082600000, 0x0000000082700000|  0%| F|  |TAMS 0x0000000082600000| PB 0x0000000082600000| Untracked 
|  39|0x0000000082700000, 0x0000000082700000, 0x0000000082800000|  0%| F|  |TAMS 0x0000000082700000| PB 0x0000000082700000| Untracked 
|  40|0x0000000082800000, 0x0000000082800000, 0x0000000082900000|  0%| F|  |TAMS 0x0000000082800000| PB 0x0000000082800000| Untracked 
|  41|0x0000000082900000, 0x0000000082900000, 0x0000000082a00000|  0%| F|  |TAMS 0x0000000082900000| PB 0x0000000082900000| Untracked 
|  42|0x0000000082a00000, 0x0000000082a00000, 0x0000000082b00000|  0%| F|  |TAMS 0x0000000082a00000| PB 0x0000000082a00000| Untracked 
|  43|0x0000000082b00000, 0x0000000082b00000, 0x0000000082c00000|  0%| F|  |TAMS 0x0000000082b00000| PB 0x0000000082b00000| Untracked 
|  44|0x0000000082c00000, 0x0000000082c00000, 0x0000000082d00000|  0%| F|  |TAMS 0x0000000082c00000| PB 0x0000000082c00000| Untracked 
|  45|0x0000000082d00000, 0x0000000082d00000, 0x0000000082e00000|  0%| F|  |TAMS 0x0000000082d00000| PB 0x0000000082d00000| Untracked 
|  46|0x0000000082e00000, 0x0000000082e00000, 0x0000000082f00000|  0%| F|  |TAMS 0x0000000082e00000| PB 0x0000000082e00000| Untracked 
|  47|0x0000000082f00000, 0x0000000082f00000, 0x0000000083000000|  0%| F|  |TAMS 0x0000000082f00000| PB 0x0000000082f00000| Untracked 
|  48|0x0000000083000000, 0x0000000083000000, 0x0000000083100000|  0%| F|  |TAMS 0x0000000083000000| PB 0x0000000083000000| Untracked 
|  49|0x0000000083100000, 0x0000000083100000, 0x0000000083200000|  0%| F|  |TAMS 0x0000000083100000| PB 0x0000000083100000| Untracked 
|  50|0x0000000083200000, 0x0000000083200000, 0x0000000083300000|  0%| F|  |TAMS 0x0000000083200000| PB 0x0000000083200000| Untracked 
|  51|0x0000000083300000, 0x0000000083300000, 0x0000000083400000|  0%| F|  |TAMS 0x0000000083300000| PB 0x0000000083300000| Untracked 
|  52|0x0000000083400000, 0x00000000834b9468, 0x0000000083500000| 72%| E|  |TAMS 0x0000000083400000| PB 0x0000000083400000| Complete 
|  53|0x0000000083500000, 0x0000000083600000, 0x0000000083600000|100%| E|CS|TAMS 0x0000000083500000| PB 0x0000000083500000| Complete 
|  54|0x0000000083600000, 0x0000000083700000, 0x0000000083700000|100%| E|CS|TAMS 0x0000000083600000| PB 0x0000000083600000| Complete 
|  55|0x0000000083700000, 0x0000000083800000, 0x0000000083800000|100%| E|CS|TAMS 0x0000000083700000| PB 0x0000000083700000| Complete 
|  56|0x0000000083800000, 0x0000000083900000, 0x0000000083900000|100%| E|CS|TAMS 0x0000000083800000| PB 0x0000000083800000| Complete 
|  57|0x0000000083900000, 0x0000000083a00000, 0x0000000083a00000|100%| E|CS|TAMS 0x0000000083900000| PB 0x0000000083900000| Complete 
|  58|0x0000000083a00000, 0x0000000083b00000, 0x0000000083b00000|100%| E|CS|TAMS 0x0000000083a00000| PB 0x0000000083a00000| Complete 
|  59|0x0000000083b00000, 0x0000000083c00000, 0x0000000083c00000|100%| E|CS|TAMS 0x0000000083b00000| PB 0x0000000083b00000| Complete 
|  60|0x0000000083c00000, 0x0000000083d00000, 0x0000000083d00000|100%| E|CS|TAMS 0x0000000083c00000| PB 0x0000000083c00000| Complete 
|  61|0x0000000083d00000, 0x0000000083e00000, 0x0000000083e00000|100%| E|CS|TAMS 0x0000000083d00000| PB 0x0000000083d00000| Complete 
|  62|0x0000000083e00000, 0x0000000083f00000, 0x0000000083f00000|100%| E|CS|TAMS 0x0000000083e00000| PB 0x0000000083e00000| Complete 
|  63|0x0000000083f00000, 0x0000000084000000, 0x0000000084000000|100%| E|CS|TAMS 0x0000000083f00000| PB 0x0000000083f00000| Complete 
|  64|0x0000000084000000, 0x0000000084100000, 0x0000000084100000|100%| E|CS|TAMS 0x0000000084000000| PB 0x0000000084000000| Complete 
|  65|0x0000000084100000, 0x0000000084200000, 0x0000000084200000|100%| E|CS|TAMS 0x0000000084100000| PB 0x0000000084100000| Complete 
|  66|0x0000000084200000, 0x0000000084300000, 0x0000000084300000|100%| E|CS|TAMS 0x0000000084200000| PB 0x0000000084200000| Complete 
|  67|0x0000000084300000, 0x0000000084400000, 0x0000000084400000|100%| E|CS|TAMS 0x0000000084300000| PB 0x0000000084300000| Complete 
|  68|0x0000000084400000, 0x0000000084500000, 0x0000000084500000|100%| E|CS|TAMS 0x0000000084400000| PB 0x0000000084400000| Complete 
|  69|0x0000000084500000, 0x0000000084600000, 0x0000000084600000|100%| E|CS|TAMS 0x0000000084500000| PB 0x0000000084500000| Complete 
|  70|0x0000000084600000, 0x0000000084700000, 0x0000000084700000|100%| E|CS|TAMS 0x0000000084600000| PB 0x0000000084600000| Complete 
|  71|0x0000000084700000, 0x0000000084800000, 0x0000000084800000|100%| E|CS|TAMS 0x0000000084700000| PB 0x0000000084700000| Complete 
|  72|0x0000000084800000, 0x0000000084900000, 0x0000000084900000|100%| E|CS|TAMS 0x0000000084800000| PB 0x0000000084800000| Complete 
|  73|0x0000000084900000, 0x0000000084a00000, 0x0000000084a00000|100%| E|CS|TAMS 0x0000000084900000| PB 0x0000000084900000| Complete 
|  74|0x0000000084a00000, 0x0000000084b00000, 0x0000000084b00000|100%| E|CS|TAMS 0x0000000084a00000| PB 0x0000000084a00000| Complete 
|  75|0x0000000084b00000, 0x0000000084c00000, 0x0000000084c00000|100%| E|CS|TAMS 0x0000000084b00000| PB 0x0000000084b00000| Complete 
| 189|0x000000008bd00000, 0x000000008be00000, 0x000000008be00000|100%| E|CS|TAMS 0x000000008bd00000| PB 0x000000008bd00000| Complete 
| 190|0x000000008be00000, 0x000000008bf00000, 0x000000008bf00000|100%| E|  |TAMS 0x000000008be00000| PB 0x000000008be00000| Complete 
| 191|0x000000008bf00000, 0x000000008c000000, 0x000000008c000000|100%| E|CS|TAMS 0x000000008bf00000| PB 0x000000008bf00000| Complete 
| 192|0x000000008c000000, 0x000000008c100000, 0x000000008c100000|100%| E|CS|TAMS 0x000000008c000000| PB 0x000000008c000000| Complete 
| 193|0x000000008c100000, 0x000000008c200000, 0x000000008c200000|100%| E|CS|TAMS 0x000000008c100000| PB 0x000000008c100000| Complete 
| 194|0x000000008c200000, 0x000000008c300000, 0x000000008c300000|100%| E|CS|TAMS 0x000000008c200000| PB 0x000000008c200000| Complete 
| 195|0x000000008c300000, 0x000000008c400000, 0x000000008c400000|100%| E|CS|TAMS 0x000000008c300000| PB 0x000000008c300000| Complete 
| 196|0x000000008c400000, 0x000000008c500000, 0x000000008c500000|100%| E|CS|TAMS 0x000000008c400000| PB 0x000000008c400000| Complete 
| 197|0x000000008c500000, 0x000000008c600000, 0x000000008c600000|100%| E|CS|TAMS 0x000000008c500000| PB 0x000000008c500000| Complete 
| 223|0x000000008df00000, 0x000000008e000000, 0x000000008e000000|100%| E|CS|TAMS 0x000000008df00000| PB 0x000000008df00000| Complete 

Card table byte_map: [0x00000236c25b0000,0x00000236c29b0000] _byte_map_base: 0x00000236c21b0000

Marking Bits: (CMBitMap*) 0x00000236ad99e580
 Bits: [0x00000236c29b0000, 0x00000236c49b0000)

Polling page: 0x00000236adb80000

Metaspace:

Usage:
  Non-class:     38.89 MB used.
      Class:      5.97 MB used.
       Both:     44.86 MB used.

Virtual space:
  Non-class space:       64.00 MB reserved,      39.50 MB ( 62%) committed,  1 nodes.
      Class space:        1.00 GB reserved,       6.50 MB ( <1%) committed,  1 nodes.
             Both:        1.06 GB reserved,      46.00 MB (  4%) committed. 

Chunk freelists:
   Non-Class:  8.22 MB
       Class:  9.50 MB
        Both:  17.72 MB

MaxMetaspaceSize: unlimited
CompressedClassSpaceSize: 1.00 GB
Initial GC threshold: 21.00 MB
Current GC threshold: 58.88 MB
CDS: off
 - commit_granule_bytes: 65536.
 - commit_granule_words: 8192.
 - virtual_space_node_default_size: 8388608.
 - enlarge_chunks_in_place: 1.
 - use_allocation_guard: 0.


Internal statistics:

num_allocs_failed_limit: 6.
num_arena_births: 2168.
num_arena_deaths: 0.
num_vsnodes_births: 2.
num_vsnodes_deaths: 0.
num_space_committed: 736.
num_space_uncommitted: 0.
num_chunks_returned_to_freelist: 6.
num_chunks_taken_from_freelist: 3796.
num_chunk_merges: 3.
num_chunk_splits: 2456.
num_chunks_enlarged: 1543.
num_inconsistent_stats: 0.

CodeHeap 'non-profiled nmethods': size=120000Kb used=2175Kb max_used=2175Kb free=117824Kb
 bounds [0x00000236ba940000, 0x00000236babb0000, 0x00000236c1e70000]
CodeHeap 'profiled nmethods': size=120000Kb used=7346Kb max_used=7346Kb free=112653Kb
 bounds [0x00000236b2e70000, 0x00000236b35a0000, 0x00000236ba3a0000]
CodeHeap 'non-nmethods': size=5760Kb used=1894Kb max_used=1918Kb free=3865Kb
 bounds [0x00000236ba3a0000, 0x00000236ba610000, 0x00000236ba940000]
 total_blobs=4483 nmethods=3796 adapters=590
 compilation: enabled
              stopped_count=0, restarted_count=0
 full_count=0

Compilation events (20 events):
Event: 13.207 Thread 0x00000236c764d2d0 4145       3       jdk.internal.jimage.ImageLocation::readFrom (26 bytes)
Event: 13.208 Thread 0x00000236c764d2d0 nmethod 4145 0x00000236b3570790 code [0x00000236b35709e0, 0x00000236b3571398]
Event: 13.208 Thread 0x00000236c764d2d0 4140       3       jdk.internal.jimage.ImageReader::ensureOpen (18 bytes)
Event: 13.208 Thread 0x00000236c764d2d0 nmethod 4140 0x00000236b3571790 code [0x00000236b3571940, 0x00000236b3571b40]
Event: 13.208 Thread 0x00000236c764d2d0 4141  s    3       jdk.internal.jimage.ImageReader$SharedImageReader::buildRootDirectory (71 bytes)
Event: 13.209 Thread 0x00000236c764d2d0 nmethod 4141 0x00000236b3571c10 code [0x00000236b3571ea0, 0x00000236b3572950]
Event: 13.209 Thread 0x00000236c764d2d0 4146       3       jdk.internal.jimage.ImageReader$SharedImageReader$$Lambda/0x000000010067d248::visit (13 bytes)
Event: 13.209 Thread 0x00000236c764d2d0 nmethod 4146 0x00000236b3572d10 code [0x00000236b3572ec0, 0x00000236b3573010]
Event: 13.209 Thread 0x00000236c764d2d0 4147       3       jdk.internal.jimage.ImageReader$SharedImageReader::lambda$handleModulesSubTree$1 (58 bytes)
Event: 13.210 Thread 0x00000236c764d2d0 nmethod 4147 0x00000236b3573110 code [0x00000236b3573380, 0x00000236b3573a48]
Event: 13.210 Thread 0x00000236c764d2d0 4142       3       jdk.internal.jrtfs.JrtFileSystem::checkNode (40 bytes)
Event: 13.211 Thread 0x00000236c764d2d0 nmethod 4142 0x00000236b3573d90 code [0x00000236b3573fa0, 0x00000236b3574440]
Event: 13.211 Thread 0x00000236c764d2d0 4148       3       jdk.internal.jimage.ImageLocation::buildName (128 bytes)
Event: 13.212 Thread 0x00000236c764d2d0 nmethod 4148 0x00000236b3574690 code [0x00000236b35749e0, 0x00000236b35758a8]
Event: 13.212 Thread 0x00000236c764d2d0 4149   !   3       jdk.internal.jrtfs.JrtDirectoryStream$1::hasNext (41 bytes)
Event: 13.212 Thread 0x00000236c764d2d0 nmethod 4149 0x00000236b3575e10 code [0x00000236b3575fe0, 0x00000236b3576348]
Event: 14.217 Thread 0x00000236c764d2d0 4163       3       java.util.stream.StreamSpliterators$AbstractWrappingSpliterator::fillBuffer (64 bytes)
Event: 14.218 Thread 0x00000236cdd062d0 4135       4       java.util.regex.Matcher::reset (128 bytes)
Event: 14.218 Thread 0x00000236c764d2d0 nmethod 4163 0x00000236b3576510 code [0x00000236b3576740, 0x00000236b3576ef0]
Event: 14.218 Thread 0x00000236c764d2d0 4138       3       jdk.internal.jrtfs.JrtPath::toAbsolutePath (44 bytes)

GC Heap History (16 events):
Event: 0.611 GC heap before
{Heap before GC invocations=0 (full 0):
 garbage-first heap   total 229376K, used 22528K [0x0000000080000000, 0x0000000100000000)
  region size 1024K, 23 young (23552K), 0 survivors (0K)
 Metaspace       used 7993K, committed 8128K, reserved 1114112K
  class space    used 712K, committed 768K, reserved 1048576K
}
Event: 0.614 GC heap after
{Heap after GC invocations=1 (full 0):
 garbage-first heap   total 229376K, used 3459K [0x0000000080000000, 0x0000000100000000)
  region size 1024K, 3 young (3072K), 3 survivors (3072K)
 Metaspace       used 7993K, committed 8128K, reserved 1114112K
  class space    used 712K, committed 768K, reserved 1048576K
}
Event: 1.718 GC heap before
{Heap before GC invocations=1 (full 0):
 garbage-first heap   total 229376K, used 40323K [0x0000000080000000, 0x0000000100000000)
  region size 1024K, 37 young (37888K), 3 survivors (3072K)
 Metaspace       used 12194K, committed 12416K, reserved 1114112K
  class space    used 1278K, committed 1408K, reserved 1048576K
}
Event: 1.724 GC heap after
{Heap after GC invocations=2 (full 0):
 garbage-first heap   total 229376K, used 11780K [0x0000000080000000, 0x0000000100000000)
  region size 1024K, 5 young (5120K), 5 survivors (5120K)
 Metaspace       used 12194K, committed 12416K, reserved 1114112K
  class space    used 1278K, committed 1408K, reserved 1048576K
}
Event: 2.562 GC heap before
{Heap before GC invocations=2 (full 0):
 garbage-first heap   total 229376K, used 59908K [0x0000000080000000, 0x0000000100000000)
  region size 1024K, 51 young (52224K), 5 survivors (5120K)
 Metaspace       used 13554K, committed 13760K, reserved 1114112K
  class space    used 1493K, committed 1600K, reserved 1048576K
}
Event: 2.568 GC heap after
{Heap after GC invocations=3 (full 0):
 garbage-first heap   total 229376K, used 17719K [0x0000000080000000, 0x0000000100000000)
  region size 1024K, 5 young (5120K), 5 survivors (5120K)
 Metaspace       used 13554K, committed 13760K, reserved 1114112K
  class space    used 1493K, committed 1600K, reserved 1048576K
}
Event: 3.378 GC heap before
{Heap before GC invocations=3 (full 0):
 garbage-first heap   total 229376K, used 43319K [0x0000000080000000, 0x0000000100000000)
  region size 1024K, 31 young (31744K), 5 survivors (5120K)
 Metaspace       used 21202K, committed 21504K, reserved 1114112K
  class space    used 2440K, committed 2624K, reserved 1048576K
}
Event: 3.383 GC heap after
{Heap after GC invocations=4 (full 0):
 garbage-first heap   total 229376K, used 21067K [0x0000000080000000, 0x0000000100000000)
  region size 1024K, 9 young (9216K), 9 survivors (9216K)
 Metaspace       used 21202K, committed 21504K, reserved 1114112K
  class space    used 2440K, committed 2624K, reserved 1048576K
}
Event: 4.816 GC heap before
{Heap before GC invocations=5 (full 0):
 garbage-first heap   total 75776K, used 73291K [0x0000000080000000, 0x0000000100000000)
  region size 1024K, 61 young (62464K), 9 survivors (9216K)
 Metaspace       used 29664K, committed 30336K, reserved 1114112K
  class space    used 3802K, committed 4160K, reserved 1048576K
}
Event: 4.822 GC heap after
{Heap after GC invocations=6 (full 0):
 garbage-first heap   total 88064K, used 24329K [0x0000000080000000, 0x0000000100000000)
  region size 1024K, 12 young (12288K), 12 survivors (12288K)
 Metaspace       used 29664K, committed 30336K, reserved 1114112K
  class space    used 3802K, committed 4160K, reserved 1048576K
}
Event: 5.951 GC heap before
{Heap before GC invocations=6 (full 0):
 garbage-first heap   total 88064K, used 64265K [0x0000000080000000, 0x0000000100000000)
  region size 1024K, 51 young (52224K), 12 survivors (12288K)
 Metaspace       used 35013K, committed 35904K, reserved 1114112K
  class space    used 4675K, committed 5120K, reserved 1048576K
}
Event: 5.957 GC heap after
{Heap after GC invocations=7 (full 0):
 garbage-first heap   total 88064K, used 26525K [0x0000000080000000, 0x0000000100000000)
  region size 1024K, 6 young (6144K), 6 survivors (6144K)
 Metaspace       used 35013K, committed 35904K, reserved 1114112K
  class space    used 4675K, committed 5120K, reserved 1048576K
}
Event: 5.980 GC heap before
{Heap before GC invocations=7 (full 0):
 garbage-first heap   total 88064K, used 27549K [0x0000000080000000, 0x0000000100000000)
  region size 1024K, 8 young (8192K), 6 survivors (6144K)
 Metaspace       used 35183K, committed 36096K, reserved 1114112K
  class space    used 4711K, committed 5184K, reserved 1048576K
}
Event: 5.984 GC heap after
{Heap after GC invocations=8 (full 0):
 garbage-first heap   total 88064K, used 26514K [0x0000000080000000, 0x0000000100000000)
  region size 1024K, 3 young (3072K), 3 survivors (3072K)
 Metaspace       used 35183K, committed 36096K, reserved 1114112K
  class space    used 4711K, committed 5184K, reserved 1048576K
}
Event: 8.804 GC heap before
{Heap before GC invocations=9 (full 0):
 garbage-first heap   total 88064K, used 72594K [0x0000000080000000, 0x0000000100000000)
  region size 1024K, 48 young (49152K), 3 survivors (3072K)
 Metaspace       used 41887K, committed 43200K, reserved 1114112K
  class space    used 5681K, committed 6336K, reserved 1048576K
}
Event: 8.808 GC heap after
{Heap after GC invocations=10 (full 0):
 garbage-first heap   total 88064K, used 29093K [0x0000000080000000, 0x0000000100000000)
  region size 1024K, 6 young (6144K), 6 survivors (6144K)
 Metaspace       used 41887K, committed 43200K, reserved 1114112K
  class space    used 5681K, committed 6336K, reserved 1048576K
}

Dll operation events (3 events):
Event: 0.009 Loaded shared library C:\Program Files\Android\Android Studio\jbr\bin\java.dll
Event: 0.014 Loaded shared library C:\Program Files\Android\Android Studio\jbr\bin\zip.dll
Event: 0.700 Loaded shared library C:\Program Files\Android\Android Studio\jbr\bin\verify.dll

Deoptimization events (20 events):
Event: 10.991 Thread 0x00000236cdd50410 Uncommon trap: trap_request=0xffffff45 fr.pc=0x00000236baa9f644 relative=0x0000000000004b44
Event: 10.991 Thread 0x00000236cdd50410 Uncommon trap: reason=unstable_if action=reinterpret pc=0x00000236baa9f644 method=java.lang.ClassLoader.getClassLoadingLock(Ljava/lang/String;)Ljava/lang/Object; @ 6 c2
Event: 10.991 Thread 0x00000236cdd50410 DEOPT PACKING pc=0x00000236baa9f644 sp=0x0000004daeff8dc0
Event: 10.991 Thread 0x00000236cdd50410 DEOPT UNPACKING pc=0x00000236ba3f46a2 sp=0x0000004daeff8da0 mode 2
Event: 11.001 Thread 0x00000236cdd50410 Uncommon trap: trap_request=0xffffffc6 fr.pc=0x00000236baad81e8 relative=0x00000000000035e8
Event: 11.001 Thread 0x00000236cdd50410 Uncommon trap: reason=bimorphic_or_optimized_type_check action=maybe_recompile pc=0x00000236baad81e8 method=java.net.URL.<init>(Ljava/net/URL;Ljava/lang/String;Ljava/net/URLStreamHandler;)V @ 504 c2
Event: 11.001 Thread 0x00000236cdd50410 DEOPT PACKING pc=0x00000236baad81e8 sp=0x0000004daeff8500
Event: 11.001 Thread 0x00000236cdd50410 DEOPT UNPACKING pc=0x00000236ba3f46a2 sp=0x0000004daeff8480 mode 2
Event: 11.171 Thread 0x00000236cdd50410 Uncommon trap: trap_request=0xffffff45 fr.pc=0x00000236baa5dc98 relative=0x00000000000000f8
Event: 11.171 Thread 0x00000236cdd50410 Uncommon trap: reason=unstable_if action=reinterpret pc=0x00000236baa5dc98 method=java.lang.ClassLoader.getClassLoadingLock(Ljava/lang/String;)Ljava/lang/Object; @ 6 c2
Event: 11.171 Thread 0x00000236cdd50410 DEOPT PACKING pc=0x00000236baa5dc98 sp=0x0000004daeff8e10
Event: 11.171 Thread 0x00000236cdd50410 DEOPT UNPACKING pc=0x00000236ba3f46a2 sp=0x0000004daeff8da0 mode 2
Event: 11.175 Thread 0x00000236cdd50410 Uncommon trap: trap_request=0xffffff6e fr.pc=0x00000236bab53a08 relative=0x00000000000007c8
Event: 11.175 Thread 0x00000236cdd50410 Uncommon trap: reason=loop_limit_check action=maybe_recompile pc=0x00000236bab53a08 method=java.util.regex.Pattern$Start.match(Ljava/util/regex/Matcher;ILjava/lang/CharSequence;)Z @ 34 c2
Event: 11.175 Thread 0x00000236cdd50410 DEOPT PACKING pc=0x00000236bab53a08 sp=0x0000004daeff8b80
Event: 11.175 Thread 0x00000236cdd50410 DEOPT UNPACKING pc=0x00000236ba3f46a2 sp=0x0000004daeff8ae0 mode 2
Event: 13.222 Thread 0x00000236cdd50410 Uncommon trap: trap_request=0xffffff6e fr.pc=0x00000236baa01a2c relative=0x00000000000003ec
Event: 14.217 Thread 0x00000236cdd50410 Uncommon trap: reason=loop_limit_check action=maybe_recompile pc=0x00000236baa01a2c method=java.lang.StringLatin1.indexOf([BI[BII)I @ 37 c2
Event: 14.217 Thread 0x00000236cdd50410 DEOPT PACKING pc=0x00000236baa01a2c sp=0x0000004daeff8630
Event: 14.217 Thread 0x00000236cdd50410 DEOPT UNPACKING pc=0x00000236ba3f46a2 sp=0x0000004daeff8590 mode 2

Classes loaded (20 events):
Event: 11.179 Loading class jdk/internal/jrtfs/SystemImage$1 done
Event: 11.179 Loading class jdk/internal/jimage/ImageReader$SharedImageReader$LocationVisitor
Event: 11.179 Loading class jdk/internal/jimage/ImageReader$SharedImageReader$LocationVisitor done
Event: 11.180 Loading class java/nio/ByteBufferAsIntBufferL
Event: 11.180 Loading class java/nio/ByteBufferAsIntBufferL done
Event: 11.181 Loading class jdk/internal/jrtfs/JrtFileAttributes
Event: 11.181 Loading class jdk/internal/jrtfs/JrtFileAttributes done
Event: 11.181 Loading class jdk/internal/jrtfs/JrtDirectoryStream
Event: 11.181 Loading class jdk/internal/jrtfs/JrtDirectoryStream done
Event: 11.183 Loading class jdk/internal/jrtfs/JrtDirectoryStream$1
Event: 11.183 Loading class jdk/internal/jrtfs/JrtDirectoryStream$1 done
Event: 11.183 Loading class java/util/function/BooleanSupplier
Event: 11.183 Loading class java/util/function/BooleanSupplier done
Event: 11.184 Loading class jdk/internal/jimage/ImageReader$Resource
Event: 11.184 Loading class jdk/internal/jimage/ImageReader$Resource done
Event: 13.175 Loading class java/util/concurrent/LinkedBlockingDeque$Itr
Event: 13.207 Loading class java/util/concurrent/LinkedBlockingDeque$AbstractItr
Event: 13.207 Loading class java/util/concurrent/LinkedBlockingDeque$AbstractItr done
Event: 13.207 Loading class java/util/concurrent/LinkedBlockingDeque$Itr done
Event: 14.298 Loading class java/util/WeakHashMap$KeyIterator

Classes unloaded (0 events):
No events

Classes redefined (0 events):
No events

Internal exceptions (20 events):
Event: 8.477 Thread 0x00000236cdd50410 Exception <a 'java/lang/NoSuchMethodError'{0x00000000836262b8}: 'java.lang.Object java.lang.invoke.DirectMethodHandle$Holder.invokeStatic(java.lang.Object, java.lang.Object, java.lang.Object, java.lang.Object, java.lang.Object, java.lang.Object, java.lang.Object, java.lang.Object, java.lang.Object, java.lang.Object, java.lang.Object, java.lang.Object, java.lang.Object, java.lang.Object, java.lang.Object, java.lang.Object, java.lang.Object, java.lang.Object, java.lang.Object, java.lang.Object, java.lang.Obj
Event: 8.479 Thread 0x00000236cdd50410 Exception <a 'java/lang/NoSuchMethodError'{0x000000008365aed0}: 'java.lang.Object java.lang.invoke.DirectMethodHandle$Holder.invokeStatic(java.lang.Object, java.lang.Object, java.lang.Object, java.lang.Object, java.lang.Object, java.lang.Object, java.lang.Object, java.lang.Object, java.lang.Object, java.lang.Object, java.lang.Object, java.lang.Object, java.lang.Object, java.lang.Object, java.lang.Object, java.lang.Object, java.lang.Object, java.lang.Object, java.lang.Object, java.lang.Object, java.lang.Obj
Event: 8.481 Thread 0x00000236cdd50410 Exception <a 'java/lang/NoSuchMethodError'{0x0000000083692128}: 'java.lang.Object java.lang.invoke.DirectMethodHandle$Holder.invokeStatic(java.lang.Object, java.lang.Object, java.lang.Object, java.lang.Object, java.lang.Object, java.lang.Object, java.lang.Object, java.lang.Object, java.lang.Object, java.lang.Object, java.lang.Object, java.lang.Object, java.lang.Object, java.lang.Object, java.lang.Object, java.lang.Object, java.lang.Object, java.lang.Object, java.lang.Object, java.lang.Object, java.lang.Obj
Event: 8.490 Thread 0x00000236cdd50410 Exception <a 'java/lang/NoSuchMethodError'{0x00000000835216a0}: 'java.lang.Object java.lang.invoke.DirectMethodHandle$Holder.newInvokeSpecial(java.lang.Object, java.lang.Object, java.lang.Object, java.lang.Object, java.lang.Object, java.lang.Object, java.lang.Object, java.lang.Object, java.lang.Object, java.lang.Object, java.lang.Object, java.lang.Object, java.lang.Object, java.lang.Object, java.lang.Object, java.lang.Object, java.lang.Object, java.lang.Object, java.lang.Object)'> (0x00000000835216a0) 
thr
Event: 8.490 Thread 0x00000236cdd50410 Exception <a 'java/lang/NoSuchMethodError'{0x0000000083528070}: 'java.lang.Object java.lang.invoke.DirectMethodHandle$Holder.invokeSpecial(java.lang.Object, java.lang.Object, java.lang.Object, java.lang.Object, java.lang.Object, java.lang.Object, java.lang.Object, java.lang.Object, java.lang.Object, java.lang.Object, java.lang.Object, java.lang.Object, java.lang.Object, java.lang.Object, java.lang.Object, java.lang.Object, java.lang.Object, java.lang.Object, java.lang.Object, java.lang.Object)'> (0x0000000
Event: 8.490 Thread 0x00000236cdd50410 Exception <a 'java/lang/NoSuchMethodError'{0x000000008352d8c0}: 'java.lang.Object java.lang.invoke.DelegatingMethodHandle$Holder.reinvoke_L(java.lang.Object, java.lang.Object, java.lang.Object, java.lang.Object, java.lang.Object, java.lang.Object, java.lang.Object, java.lang.Object, java.lang.Object, java.lang.Object, java.lang.Object, java.lang.Object, java.lang.Object, java.lang.Object, java.lang.Object, java.lang.Object, java.lang.Object, java.lang.Object, java.lang.Object)'> (0x000000008352d8c0) 
throw
Event: 8.689 Thread 0x00000236cdd50410 Implicit null exception at 0x00000236baa74934 to 0x00000236baa74e54
Event: 8.689 Thread 0x00000236cdd50410 Implicit null exception at 0x00000236bab19618 to 0x00000236bab19994
Event: 8.689 Thread 0x00000236cdd50410 Implicit null exception at 0x00000236baaf7c30 to 0x00000236baaf84f4
Event: 8.690 Thread 0x00000236cdd50410 Exception <a 'java/lang/NoSuchMethodError'{0x0000000082b63f40}: 'java.lang.reflect.Method[] java.lang.Class.getDeclaredMethods(java.lang.Class)'> (0x0000000082b63f40) 
thrown [s\src\hotspot\share\interpreter\linkResolver.cpp, line 784]
Event: 8.725 Thread 0x00000236cdd50410 Exception <a 'java/lang/NoSuchMethodError'{0x0000000082aa2540}: 'void java.lang.invoke.DirectMethodHandle$Holder.invokeStaticInit(java.lang.Object, java.lang.Object, java.lang.Object)'> (0x0000000082aa2540) 
thrown [s\src\hotspot\share\interpreter\linkResolver.cpp, line 784]
Event: 8.728 Thread 0x00000236cdd50410 Exception <a 'java/lang/NoSuchMethodError'{0x0000000082ac6648}: 'void java.lang.invoke.DirectMethodHandle$Holder.invokeStaticInit(java.lang.Object, java.lang.Object, java.lang.Object, java.lang.Object, java.lang.Object)'> (0x0000000082ac6648) 
thrown [s\src\hotspot\share\interpreter\linkResolver.cpp, line 784]
Event: 8.741 Thread 0x00000236cdd50410 Exception <a 'java/lang/NoSuchMethodError'{0x000000008291df78}: 'int java.lang.invoke.DirectMethodHandle$Holder.invokeStaticInit(java.lang.Object, java.lang.Object, java.lang.Object, java.lang.Object)'> (0x000000008291df78) 
thrown [s\src\hotspot\share\interpreter\linkResolver.cpp, line 784]
Event: 9.926 Thread 0x00000236cdd50410 Exception <a 'java/lang/ClassNotFoundException'{0x000000008c196180}: groovy/lang/ExpandoMetaClassBeanInfo> (0x000000008c196180) 
thrown [s\src\hotspot\share\classfile\systemDictionary.cpp, line 312]
Event: 9.926 Thread 0x00000236cdd50410 Exception <a 'java/lang/ClassNotFoundException'{0x000000008c19e4b8}: groovy/lang/MetaClassImplBeanInfo> (0x000000008c19e4b8) 
thrown [s\src\hotspot\share\classfile\systemDictionary.cpp, line 312]
Event: 9.926 Thread 0x00000236cdd50410 Exception <a 'java/lang/ClassNotFoundException'{0x000000008c1a2e60}: java/lang/ObjectBeanInfo> (0x000000008c1a2e60) 
thrown [s\src\hotspot\share\classfile\systemDictionary.cpp, line 312]
Event: 9.926 Thread 0x00000236cdd50410 Exception <a 'java/lang/ClassNotFoundException'{0x000000008c1a8858}: java/lang/ObjectCustomizer> (0x000000008c1a8858) 
thrown [s\src\hotspot\share\classfile\systemDictionary.cpp, line 312]
Event: 9.929 Thread 0x00000236cdd50410 Exception <a 'java/lang/IncompatibleClassChangeError'{0x000000008c1b6c68}: Found class java.lang.Object, but interface was expected> (0x000000008c1b6c68) 
thrown [s\src\hotspot\share\interpreter\linkResolver.cpp, line 851]
Event: 9.931 Thread 0x00000236cdd50410 Exception <a 'java/lang/ClassNotFoundException'{0x000000008c1d0b50}: groovy/lang/MetaClassImplCustomizer> (0x000000008c1d0b50) 
thrown [s\src\hotspot\share\classfile\systemDictionary.cpp, line 312]
Event: 9.934 Thread 0x00000236cdd50410 Exception <a 'java/lang/ClassNotFoundException'{0x000000008c1f8ab8}: groovy/lang/ExpandoMetaClassCustomizer> (0x000000008c1f8ab8) 
thrown [s\src\hotspot\share\classfile\systemDictionary.cpp, line 312]

ZGC Phase Switch (0 events):
No events

VM Operations (20 events):
Event: 8.825 Executing VM operation: HandshakeAllThreads (Deoptimize)
Event: 8.825 Executing VM operation: HandshakeAllThreads (Deoptimize) done
Event: 9.838 Executing VM operation: Cleanup
Event: 9.901 Executing VM operation: Cleanup done
Event: 11.007 Executing VM operation: HandshakeAllThreads (Deoptimize)
Event: 11.007 Executing VM operation: HandshakeAllThreads (Deoptimize) done
Event: 11.007 Executing VM operation: Cleanup
Event: 11.007 Executing VM operation: Cleanup done
Event: 11.013 Executing VM operation: HandshakeAllThreads (Deoptimize)
Event: 11.014 Executing VM operation: HandshakeAllThreads (Deoptimize) done
Event: 11.022 Executing VM operation: HandshakeAllThreads (Deoptimize)
Event: 11.022 Executing VM operation: HandshakeAllThreads (Deoptimize) done
Event: 11.180 Executing VM operation: HandshakeAllThreads (Deoptimize)
Event: 11.181 Executing VM operation: HandshakeAllThreads (Deoptimize) done
Event: 12.193 Executing VM operation: Cleanup
Event: 12.194 Executing VM operation: Cleanup done
Event: 13.207 Executing VM operation: Cleanup
Event: 13.207 Executing VM operation: Cleanup done
Event: 14.217 Executing VM operation: Cleanup
Event: 14.217 Executing VM operation: Cleanup done

Memory protections (0 events):
No events

Nmethod flushes (20 events):
Event: 5.997 Thread 0x00000236c75c4e10 flushing  nmethod 0x00000236b2ecb090
Event: 5.997 Thread 0x00000236c75c4e10 flushing  nmethod 0x00000236b2ecb590
Event: 5.997 Thread 0x00000236c75c4e10 flushing  nmethod 0x00000236b2ecdc90
Event: 5.997 Thread 0x00000236c75c4e10 flushing  nmethod 0x00000236b2ed0a10
Event: 5.997 Thread 0x00000236c75c4e10 flushing  nmethod 0x00000236b2f1ee90
Event: 5.997 Thread 0x00000236c75c4e10 flushing  nmethod 0x00000236b2f1fd10
Event: 5.997 Thread 0x00000236c75c4e10 flushing  nmethod 0x00000236b2f22110
Event: 5.997 Thread 0x00000236c75c4e10 flushing  nmethod 0x00000236b2f79210
Event: 5.997 Thread 0x00000236c75c4e10 flushing  nmethod 0x00000236b2f7a210
Event: 5.997 Thread 0x00000236c75c4e10 flushing  nmethod 0x00000236b2f82190
Event: 5.997 Thread 0x00000236c75c4e10 flushing  nmethod 0x00000236b2ff2810
Event: 5.997 Thread 0x00000236c75c4e10 flushing  nmethod 0x00000236b2ff4a10
Event: 5.997 Thread 0x00000236c75c4e10 flushing  nmethod 0x00000236b2ff5610
Event: 5.997 Thread 0x00000236c75c4e10 flushing  nmethod 0x00000236b3024390
Event: 5.997 Thread 0x00000236c75c4e10 flushing  nmethod 0x00000236b3029790
Event: 5.997 Thread 0x00000236c75c4e10 flushing  nmethod 0x00000236b305ff90
Event: 5.997 Thread 0x00000236c75c4e10 flushing  nmethod 0x00000236b3061e10
Event: 5.997 Thread 0x00000236c75c4e10 flushing  nmethod 0x00000236b307c210
Event: 5.997 Thread 0x00000236c75c4e10 flushing  nmethod 0x00000236b31bc810
Event: 5.997 Thread 0x00000236c75c4e10 flushing  nmethod 0x00000236b31bcf10

Events (20 events):
Event: 3.806 Thread 0x00000236cdd50410 Thread added: 0x00000236cd870ee0
Event: 3.815 Thread 0x00000236cdd50410 Thread added: 0x00000236cd86f4a0
Event: 3.847 Thread 0x00000236cdd50410 Thread added: 0x00000236cd86fb30
Event: 4.839 Thread 0x00000236c764d2d0 Thread added: 0x00000236ce5961c0
Event: 4.859 Thread 0x00000236cdd50410 Thread added: 0x00000236cd871c00
Event: 5.258 Thread 0x00000236cdd50410 Thread added: 0x00000236cd8701c0
Event: 5.279 Thread 0x00000236cdd50410 Thread added: 0x00000236cd870850
Event: 5.773 Thread 0x00000236cdd50410 Thread added: 0x00000236cd871570
Event: 5.781 Thread 0x00000236cdd50410 Thread added: 0x00000236cc1bc530
Event: 6.117 Thread 0x00000236cdd50410 Thread added: 0x00000236cc1bcbc0
Event: 6.302 Thread 0x00000236cdd50410 Thread added: 0x00000236cc1bbea0
Event: 6.586 Thread 0x00000236ce5961c0 Thread exited: 0x00000236ce5961c0
Event: 7.445 Thread 0x00000236cdd50410 Thread added: 0x00000236cc1bd250
Event: 8.473 Thread 0x00000236cd8826e0 Thread exited: 0x00000236cd8826e0
Event: 8.641 Thread 0x00000236c764d2d0 Thread added: 0x00000236ccf17380
Event: 8.736 Thread 0x00000236c764d2d0 Thread added: 0x00000236cce97f80
Event: 9.057 Thread 0x00000236cce97f80 Thread exited: 0x00000236cce97f80
Event: 9.105 Thread 0x00000236ccf17380 Thread exited: 0x00000236ccf17380
Event: 11.147 Thread 0x00000236c764d2d0 Thread added: 0x00000236cfc1d350
Event: 14.217 Thread 0x00000236c764d2d0 Thread added: 0x00000236cdd062d0


Dynamic libraries:
0x00007ff74d480000 - 0x00007ff74d48a000 	C:\Program Files\Android\Android Studio\jbr\bin\java.exe
0x00007fff584c0000 - 0x00007fff58726000 	C:\WINDOWS\SYSTEM32\ntdll.dll
0x00007fff57b50000 - 0x00007fff57c19000 	C:\WINDOWS\System32\KERNEL32.DLL
0x00007fff55910000 - 0x00007fff55cdc000 	C:\WINDOWS\System32\KERNELBASE.dll
0x00007fff55650000 - 0x00007fff5579b000 	C:\WINDOWS\System32\ucrtbase.dll
0x00007fff32300000 - 0x00007fff32318000 	C:\Program Files\Android\Android Studio\jbr\bin\jli.dll
0x00007fff4fba0000 - 0x00007fff4fbbb000 	C:\Program Files\Android\Android Studio\jbr\bin\VCRUNTIME140.dll
0x00007fff57120000 - 0x00007fff572ea000 	C:\WINDOWS\System32\USER32.dll
0x00007fff34c10000 - 0x00007fff34eaa000 	C:\WINDOWS\WinSxS\amd64_microsoft.windows.common-controls_6595b64144ccf1df_6.0.26100.3912_none_3e07963ce335137e\COMCTL32.dll
0x00007fff558e0000 - 0x00007fff55907000 	C:\WINDOWS\System32\win32u.dll
0x00007fff579b0000 - 0x00007fff57a59000 	C:\WINDOWS\System32\msvcrt.dll
0x00007fff581a0000 - 0x00007fff581cb000 	C:\WINDOWS\System32\GDI32.dll
0x00007fff557a0000 - 0x00007fff558d2000 	C:\WINDOWS\System32\gdi32full.dll
0x00007fff55f00000 - 0x00007fff55fa3000 	C:\WINDOWS\System32\msvcp_win.dll
0x00007fff56290000 - 0x00007fff562c0000 	C:\WINDOWS\System32\IMM32.DLL
0x00007fff4fb90000 - 0x00007fff4fb9c000 	C:\Program Files\Android\Android Studio\jbr\bin\vcruntime140_1.dll
0x00007fff208e0000 - 0x00007fff2096d000 	C:\Program Files\Android\Android Studio\jbr\bin\msvcp140.dll
0x00007ffef3f80000 - 0x00007ffef4c0b000 	C:\Program Files\Android\Android Studio\jbr\bin\server\jvm.dll
0x00007fff56860000 - 0x00007fff56912000 	C:\WINDOWS\System32\ADVAPI32.dll
0x00007fff57900000 - 0x00007fff579a6000 	C:\WINDOWS\System32\sechost.dll
0x00007fff58020000 - 0x00007fff58136000 	C:\WINDOWS\System32\RPCRT4.dll
0x00007fff58400000 - 0x00007fff58474000 	C:\WINDOWS\System32\WS2_32.dll
0x00007fff554c0000 - 0x00007fff5551e000 	C:\WINDOWS\SYSTEM32\POWRPROF.dll
0x00007fff4e0b0000 - 0x00007fff4e0bb000 	C:\WINDOWS\SYSTEM32\VERSION.dll
0x00007fff4d910000 - 0x00007fff4d946000 	C:\WINDOWS\SYSTEM32\WINMM.dll
0x00007fff55480000 - 0x00007fff55494000 	C:\WINDOWS\SYSTEM32\UMPDC.dll
0x00007fff54410000 - 0x00007fff5442a000 	C:\WINDOWS\SYSTEM32\kernel.appcore.dll
0x00007fff4fa30000 - 0x00007fff4fa3a000 	C:\Program Files\Android\Android Studio\jbr\bin\jimage.dll
0x00007fff44dc0000 - 0x00007fff45001000 	C:\WINDOWS\SYSTEM32\DBGHELP.DLL
0x00007fff57470000 - 0x00007fff577f4000 	C:\WINDOWS\System32\combase.dll
0x00007fff57a60000 - 0x00007fff57b40000 	C:\WINDOWS\System32\OLEAUT32.dll
0x00007fff2ecf0000 - 0x00007fff2ed29000 	C:\WINDOWS\SYSTEM32\dbgcore.DLL
0x00007fff55e60000 - 0x00007fff55ef9000 	C:\WINDOWS\System32\bcryptPrimitives.dll
0x00007fff4faa0000 - 0x00007fff4faae000 	C:\Program Files\Android\Android Studio\jbr\bin\instrument.dll
0x00007fff4fa10000 - 0x00007fff4fa30000 	C:\Program Files\Android\Android Studio\jbr\bin\java.dll
0x00007fff4f9f0000 - 0x00007fff4fa08000 	C:\Program Files\Android\Android Studio\jbr\bin\zip.dll
0x00007fff56920000 - 0x00007fff5704d000 	C:\WINDOWS\System32\SHELL32.dll
0x00007fff55ce0000 - 0x00007fff55e54000 	C:\WINDOWS\System32\wintypes.dll
0x00007fff532a0000 - 0x00007fff53af6000 	C:\WINDOWS\SYSTEM32\windows.storage.dll
0x00007fff57370000 - 0x00007fff5745f000 	C:\WINDOWS\System32\SHCORE.dll
0x00007fff58380000 - 0x00007fff583e9000 	C:\WINDOWS\System32\shlwapi.dll
0x00007fff55560000 - 0x00007fff5558f000 	C:\WINDOWS\SYSTEM32\profapi.dll
0x00007fff4f9e0000 - 0x00007fff4f9f0000 	C:\Program Files\Android\Android Studio\jbr\bin\net.dll
0x00007fff4e5a0000 - 0x00007fff4e6be000 	C:\WINDOWS\SYSTEM32\WINHTTP.dll
0x00007fff54980000 - 0x00007fff549ea000 	C:\WINDOWS\system32\mswsock.dll
0x00007fff4f9c0000 - 0x00007fff4f9d6000 	C:\Program Files\Android\Android Studio\jbr\bin\nio.dll
0x00007fff4f8d0000 - 0x00007fff4f8e0000 	C:\Program Files\Android\Android Studio\jbr\bin\verify.dll
0x00007fff4e8a0000 - 0x00007fff4e8c7000 	C:\Users\Nuhi\.gradle\native\c067742578af261105cb4f569cf0c3c89f3d7b1fecec35dd04571415982c5e48\windows-amd64\native-platform.dll
0x00007fff1e520000 - 0x00007fff1e664000 	C:\Users\Nuhi\.gradle\native\100fb08df4bc3b14c8652ba06237920a3bd2aa13389f12d3474272988ae205f9\windows-amd64\native-platform-file-events.dll
0x00007fff4f950000 - 0x00007fff4f959000 	C:\Program Files\Android\Android Studio\jbr\bin\management.dll
0x00007fff4f940000 - 0x00007fff4f94b000 	C:\Program Files\Android\Android Studio\jbr\bin\management_ext.dll
0x00007fff56280000 - 0x00007fff56288000 	C:\WINDOWS\System32\PSAPI.DLL
0x00007fff54c30000 - 0x00007fff54c4c000 	C:\WINDOWS\SYSTEM32\CRYPTSP.dll
0x00007fff54370000 - 0x00007fff543aa000 	C:\WINDOWS\system32\rsaenh.dll
0x00007fff54a20000 - 0x00007fff54a4b000 	C:\WINDOWS\SYSTEM32\USERENV.dll
0x00007fff55530000 - 0x00007fff55556000 	C:\WINDOWS\SYSTEM32\bcrypt.dll
0x00007fff54c20000 - 0x00007fff54c2c000 	C:\WINDOWS\SYSTEM32\CRYPTBASE.dll
0x00007fff53e40000 - 0x00007fff53e73000 	C:\WINDOWS\SYSTEM32\IPHLPAPI.DLL
0x00007fff57ea0000 - 0x00007fff57eaa000 	C:\WINDOWS\System32\NSI.dll
0x00007fff4f960000 - 0x00007fff4f969000 	C:\Program Files\Android\Android Studio\jbr\bin\extnet.dll
0x00007ffedda50000 - 0x00007ffedda58000 	C:\WINDOWS\system32\wshunix.dll

dbghelp: loaded successfully - version: 4.0.5 - missing functions: none
symbol engine: initialized successfully - sym options: 0x614 - pdb path: .;C:\Program Files\Android\Android Studio\jbr\bin;C:\WINDOWS\SYSTEM32;C:\WINDOWS\WinSxS\amd64_microsoft.windows.common-controls_6595b64144ccf1df_6.0.26100.3912_none_3e07963ce335137e;C:\Program Files\Android\Android Studio\jbr\bin\server;C:\Users\Nuhi\.gradle\native\c067742578af261105cb4f569cf0c3c89f3d7b1fecec35dd04571415982c5e48\windows-amd64;C:\Users\Nuhi\.gradle\native\100fb08df4bc3b14c8652ba06237920a3bd2aa13389f12d3474272988ae205f9\windows-amd64

VM Arguments:
jvm_args: --add-opens=java.base/java.lang=ALL-UNNAMED --add-opens=java.base/java.lang.invoke=ALL-UNNAMED --add-opens=java.base/java.util=ALL-UNNAMED --add-opens=java.prefs/java.util.prefs=ALL-UNNAMED --add-exports=jdk.compiler/com.sun.tools.javac.api=ALL-UNNAMED --add-exports=jdk.compiler/com.sun.tools.javac.util=ALL-UNNAMED --add-opens=java.base/java.util=ALL-UNNAMED --add-opens=java.prefs/java.util.prefs=ALL-UNNAMED --add-opens=java.base/java.nio.charset=ALL-UNNAMED --add-opens=java.base/java.net=ALL-UNNAMED --add-opens=java.base/java.util.concurrent.atomic=ALL-UNNAMED --add-opens=java.xml/javax.xml.namespace=ALL-UNNAMED -Xmx2048m -Dfile.encoding=UTF-8 -Duser.country=ID -Duser.language=en -Duser.variant -javaagent:C:\Users\Nuhi\.gradle\wrapper\dists\gradle-8.11.1-bin\bpt9gzteqjrbo1mjrsomdt32c\gradle-8.11.1\lib\agents\gradle-instrumentation-agent-8.11.1.jar 
java_command: org.gradle.launcher.daemon.bootstrap.GradleDaemon 8.11.1
java_class_path (initial): C:\Users\Nuhi\.gradle\wrapper\dists\gradle-8.11.1-bin\bpt9gzteqjrbo1mjrsomdt32c\gradle-8.11.1\lib\gradle-daemon-main-8.11.1.jar
Launcher Type: SUN_STANDARD

[Global flags]
     intx CICompilerCount                          = 4                                         {product} {ergonomic}
     uint ConcGCThreads                            = 2                                         {product} {ergonomic}
     uint G1ConcRefinementThreads                  = 8                                         {product} {ergonomic}
   size_t G1HeapRegionSize                         = 1048576                                   {product} {ergonomic}
    uintx GCDrainStackTargetSize                   = 64                                        {product} {ergonomic}
   size_t InitialHeapSize                          = 234881024                                 {product} {ergonomic}
   size_t MarkStackSize                            = 4194304                                   {product} {ergonomic}
   size_t MaxHeapSize                              = 2147483648                                {product} {command line}
   size_t MaxNewSize                               = 1287651328                                {product} {ergonomic}
   size_t MinHeapDeltaBytes                        = 1048576                                   {product} {ergonomic}
   size_t MinHeapSize                              = 8388608                                   {product} {ergonomic}
    uintx NonNMethodCodeHeapSize                   = 5839372                                {pd product} {ergonomic}
    uintx NonProfiledCodeHeapSize                  = 122909434                              {pd product} {ergonomic}
    uintx ProfiledCodeHeapSize                     = 122909434                              {pd product} {ergonomic}
    uintx ReservedCodeCacheSize                    = 251658240                              {pd product} {ergonomic}
     bool SegmentedCodeCache                       = true                                      {product} {ergonomic}
   size_t SoftMaxHeapSize                          = 2147483648                             {manageable} {ergonomic}
     bool UseCompressedOops                        = true                           {product lp64_product} {ergonomic}
     bool UseG1GC                                  = true                                      {product} {ergonomic}
     bool UseLargePagesIndividualAllocation        = false                                  {pd product} {ergonomic}

Logging:
Log output configuration:
 #0: stdout all=warning uptime,level,tags foldmultilines=false
 #1: stderr all=off uptime,level,tags foldmultilines=false

Environment Variables:
PATH=C:\Program Files\Common Files\Oracle\Java\javapath;C:\Program Files (x86)\Common Files\Oracle\Java\java8path;C:\Program Files (x86)\Common Files\Oracle\Java\javapath;C:\Windows\system32;C:\Windows;C:\Windows\System32\Wbem;C:\Windows\System32\WindowsPowerShell\v1.0\;C:\Windows\System32\OpenSSH\;C:\Program Files\Git\cmd;C:\Program Files\Go\bin;C:\Program Files\dotnet\;C:\ProgramData\ComposerSetup\bin;C:\xampp\php;C:\Users\Nuhi\.config\herd\bin\nvm;C:\Program Files\nodejs;C:\sqlite;;C:\WINDOWS\system32;C:\WINDOWS;C:\WINDOWS\System32\Wbem;C:\WINDOWS\System32\WindowsPowerShell\v1.0\;C:\WINDOWS\System32\OpenSSH\;C:\Program Files (x86)\NVIDIA Corporation\PhysX\Common;C:\Users\Nuhi\.config\herd\bin;C:\Users\Nuhi\AppData\Local\Programs\Python\Python312\Scripts\;C:\Users\Nuhi\AppData\Local\Programs\Python\Python312\;C:\Users\Nuhi\AppData\Local\Microsoft\WindowsApps;C:\Users\Nuhi\AppData\Local\Programs\Microsoft VS Code\bin;C:\Users\Nuhi\go\bin;C:\Users\Nuhi\AppData\Local\Microsoft\WinGet\Links;C:\Users\Nuhi\.dotnet\tools;C:\MinGW\bin;C:\ProgramData\Nuhi\GitHubDesktop\bin;C:\Users\Nuhi\AppData\Local\GitHubDesktop\bin;C:\Users\Nuhi\AppData\Roaming\Composer\vendor\bin;C:\Users\Nuhi\AppData\Local\Microsoft\WinGet\Packages\Schniz.fnm_Microsoft.Winget.Source_8wekyb3d8bbwe;C:\php-8.3.12;
USERNAME=Nuhi
OS=Windows_NT
PROCESSOR_IDENTIFIER=AMD64 Family 23 Model 24 Stepping 1, AuthenticAMD
TMP=C:\Users\Nuhi\AppData\Local\Temp
TEMP=C:\Users\Nuhi\AppData\Local\Temp




Periodic native trim disabled

JNI global refs:
JNI global refs: 24, weak refs: 0

JNI global refs memory usage: 835, weak refs: 833

Process memory usage:
Resident Set Size: 231992K (1% of 14552620K total physical memory with 1405620K free physical memory)

OOME stack traces (most recent first):
Classloader memory used:
